<?xml version="1.0" encoding="UTF-8"?>
<testng-results ignored="0" total="3" passed="3" failed="0" skipped="0">
  <reporter-output>
  </reporter-output>
  <suite started-at="2024-02-05T19:00:19 IST" name="Default suite" finished-at="2024-02-05T19:00:19 IST" duration-ms="52">
    <groups>
    </groups>
    <test started-at="2024-02-05T19:00:19 IST" name="Default test" finished-at="2024-02-05T19:00:19 IST" duration-ms="52">
      <class name="dataprovider.Dataprovider">
        <test-method signature="logintest(java.lang.String,java.lang.String,java.lang.String,java.lang.String)[pri:0, instance:dataprovider.Dataprovider@66f57048]" started-at="2024-02-05T19:00:19 IST" name="logintest" data-provider="dataset" finished-at="2024-02-05T19:00:19 IST" duration-ms="6" status="PASS">
          <params>
            <param index="0">
              <value>
                <![CDATA[vinoth]]>
              </value>
            </param>
            <param index="1">
              <value>
                <![CDATA[sampleurl-1]]>
              </value>
            </param>
            <param index="2">
              <value>
                <![CDATA[password-1]]>
              </value>
            </param>
            <param index="3">
              <value>
                <![CDATA[12345]]>
              </value>
            </param>
          </params>
          <reporter-output>
          </reporter-output>
        </test-method> <!-- logintest -->
        <test-method signature="logintest(java.lang.String,java.lang.String,java.lang.String,java.lang.String)[pri:0, instance:dataprovider.Dataprovider@66f57048]" started-at="2024-02-05T19:00:19 IST" name="logintest" data-provider="dataset" finished-at="2024-02-05T19:00:19 IST" duration-ms="1" status="PASS">
          <params>
            <param index="0">
              <value>
                <![CDATA[dinesh]]>
              </value>
            </param>
            <param index="1">
              <value>
                <![CDATA[sampleurl-2]]>
              </value>
            </param>
            <param index="2">
              <value>
                <![CDATA[password-2]]>
              </value>
            </param>
            <param index="3">
              <value>
                <![CDATA[12345]]>
              </value>
            </param>
          </params>
          <reporter-output>
          </reporter-output>
        </test-method> <!-- logintest -->
        <test-method signature="logintest(java.lang.String,java.lang.String,java.lang.String,java.lang.String)[pri:0, instance:dataprovider.Dataprovider@66f57048]" started-at="2024-02-05T19:00:19 IST" name="logintest" data-provider="dataset" finished-at="2024-02-05T19:00:19 IST" duration-ms="2" status="PASS">
          <params>
            <param index="0">
              <value>
                <![CDATA[sai]]>
              </value>
            </param>
            <param index="1">
              <value>
                <![CDATA[sampleurl-3]]>
              </value>
            </param>
            <param index="2">
              <value>
                <![CDATA[password-3]]>
              </value>
            </param>
            <param index="3">
              <value>
                <![CDATA[12345]]>
              </value>
            </param>
          </params>
          <reporter-output>
          </reporter-output>
        </test-method> <!-- logintest -->
      </class> <!-- dataprovider.Dataprovider -->
    </test> <!-- Default test -->
  </suite> <!-- Default suite -->
</testng-results>
