<?xml version="1.0" encoding="UTF-8"?>
<!-- Generated by org.testng.reporters.JUnitXMLReporter -->
<testsuite ignored="0" hostname="DESKTOP-ENLG37R" failures="0" tests="3" name="Default test" time="0.052" errors="0" timestamp="2024-02-05T19:00:19 IST">
  <testcase classname="dataprovider.Dataprovider" name="logintest" time="0.006"/>
  <testcase classname="dataprovider.Dataprovider" name="logintest" time="0.001"/>
  <testcase classname="dataprovider.Dataprovider" name="logintest" time="0.002"/>
</testsuite> <!-- Default test -->
