<?xml version="1.0" encoding="UTF-8"?>
<!-- Generated by org.testng.reporters.JUnitXMLReporter -->
<testsuite hostname="DESKTOP-ENLG37R" ignored="4" name="Default test(failed)" tests="1" failures="0" timestamp="28 Nov 2023 14:10:53 GMT" time="0.029" errors="0">
  <testcase name="loginDB" time="0.008" classname="practice.Prioritytest2"/>
  <testcase name="EnterPassword" time="0.0" classname="practice.Prioritytest2">
    <ignored/>
  </testcase> <!-- EnterPassword -->
  <testcase name="a_EnterUsername" time="0.0" classname="practice.Prioritytest2">
    <ignored/>
  </testcase> <!-- a_EnterUsername -->
  <testcase name="loginBankAccount" time="0.0" classname="practice.Prioritytest2">
    <ignored/>
  </testcase> <!-- loginBankAccount -->
  <testcase name="ClickLogin" time="0.0" classname="practice.Prioritytest2">
    <ignored/>
  </testcase> <!-- ClickLogin -->
</testsuite> <!-- Default test(failed) -->
